Dec 25 08:00:01 prodserver kernel: [345678.001234] systemd[1]: Starting Daily Cleanup of Temporary Directories.
Dec 25 08:00:01 prodserver kernel: [345678.001345] systemd[1]: tmpfiles-clean.service: Succeeded.
Dec 25 08:00:01 prodserver kernel: [345678.001456] systemd[1]: Finished Daily Cleanup of Temporary Directories.
Dec 25 08:00:15 prodserver kernel: [345678.015234] ACPI: \_SB_.SCK0.CP00: Found 2 idle states
Dec 25 08:00:30 prodserver kernel: [345678.030567] random: crng init done
Dec 25 08:00:45 prodserver kernel: [345678.045890] intel_rapl_common: Found RAPL domain package
Dec 25 08:01:00 prodserver kernel: [345678.060123] intel_rapl_common: Found RAPL domain core
Dec 25 08:01:15 prodserver kernel: [345678.075456] intel_rapl_common: Found RAPL domain dram
Dec 25 08:01:30 prodserver kernel: [345678.090789] kvm: already loaded the other module
Dec 25 08:02:00 prodserver kernel: [345678.120012] device eth0 entered promiscuous mode
Dec 25 08:02:15 prodserver kernel: [345678.135345] device eth0 left promiscuous mode
Dec 25 08:03:22 prodserver kernel: [345678.202456] EXT4-fs error (device sda1): ext4_find_entry:1455: inode #2: comm httpd: reading directory lblock 0
Dec 25 08:03:22 prodserver kernel: [345678.202567] Aborting journal on device sda1-8.
Dec 25 08:03:22 prodserver kernel: [345678.202678] EXT4-fs (sda1): Remounting filesystem read-only
Dec 25 08:03:30 prodserver kernel: [345678.210890] audit: type=1400 audit(1703491410.890:234): apparmor="DENIED" operation="open" profile="/usr/sbin/mysqld" name="/proc/sys/kernel/random/boot_id" pid=5432 comm="mysqld" requested_mask="r" denied_mask="r" fsuid=999 ouid=0
Dec 25 08:03:45 prodserver kernel: [345678.225123] bridge: filtering via arp/ip/ip6tables is no longer available by default
Dec 25 08:04:00 prodserver kernel: [345678.240456] docker0: port 1(veth1234567) entered blocking state
Dec 25 08:04:00 prodserver kernel: [345678.240567] docker0: port 1(veth1234567) entered forwarding state
Dec 25 08:05:15 prodserver kernel: [345678.315789] TCP: request_sock_TCP: Possible SYN flooding on port 80. Sending cookies.
Dec 25 08:05:30 prodserver kernel: [345678.330012] TCP: request_sock_TCP: Possible SYN flooding on port 443. Sending cookies.
Dec 25 08:06:45 prodserver kernel: [345678.405345] perf: interrupt took too long (2508 > 2500), lowering kernel.perf_event_max_sample_rate to 79000
Dec 25 08:07:22 prodserver kernel: [345678.442678] Out of memory: Killed process 23456 (java) total-vm:8388608kB, anon-rss:4194304kB, file-rss:0kB, shmem-rss:0kB
Dec 25 08:07:23 prodserver kernel: [345678.443789] oom_reaper: reaped process 23456 (java), now anon-rss:0kB, file-rss:0kB, shmem-rss:0kB
Dec 25 08:07:30 prodserver kernel: [345678.450901] audit: type=1400 audit(1703491650.901:456): apparmor="ALLOWED" operation="open" profile="docker-default" name="/etc/hosts" pid=7890 comm="nginx" requested_mask="r" denied_mask="" fsuid=0 ouid=0
Dec 25 08:08:00 prodserver kernel: [345678.480123] nf_conntrack: table full, dropping packet
Dec 25 08:08:15 prodserver kernel: [345678.495456] nf_conntrack: table full, dropping packet
Dec 25 08:08:30 prodserver kernel: [345678.510789] IPv6: ADDRCONF(NETDEV_CHANGE): veth9876543: link becomes ready
Dec 25 08:09:00 prodserver kernel: [345678.540012] docker0: port 2(veth9876543) entered blocking state
Dec 25 08:09:00 prodserver kernel: [345678.540123] docker0: port 2(veth9876543) entered forwarding state
Dec 25 08:10:15 prodserver kernel: [345678.615345] XFS (dm-2): Metadata CRC error detected at xfs_agf_read_verify+0x5a/0x100 [xfs], xfs_agf block 0x1
Dec 25 08:10:15 prodserver kernel: [345678.615456] XFS (dm-2): Unmount and run xfs_repair
Dec 25 08:10:15 prodserver kernel: [345678.615567] XFS (dm-2): First 128 bytes of corrupted metadata buffer:
Dec 25 08:10:15 prodserver kernel: [345678.615678] 00000000: 58 41 47 46 00 00 00 01 00 00 00 00 00 00 00 00  XAGF............
Dec 25 08:11:30 prodserver kernel: [345678.690890] usb 2-1: new high-speed USB device number 3 using xhci_hcd
Dec 25 08:12:00 prodserver kernel: [345678.720123] usb 2-1: New USB device found, idVendor=0781, idProduct=5583, bcdDevice= 1.00
Dec 25 08:12:30 prodserver kernel: [345678.750456] usb-storage 2-1:1.0: USB Mass Storage device detected
Dec 25 08:13:00 prodserver kernel: [345678.780789] scsi host6: usb-storage 2-1:1.0
Dec 25 08:14:15 prodserver kernel: [345678.855012] INFO: task nginx:34567 blocked for more than 120 seconds.
Dec 25 08:14:15 prodserver kernel: [345678.855123]       Tainted: G           OE     5.15.0-91-generic #101-Ubuntu
Dec 25 08:14:15 prodserver kernel: [345678.855234] "echo 0 > /proc/sys/kernel/hung_task_timeout_secs" disables this message.
Dec 25 08:14:15 prodserver kernel: [345678.855345] task:nginx           state:D stack:    0 pid:34567 ppid:  1234 flags:0x00000004
Dec 25 08:14:15 prodserver kernel: [345678.855456] Call Trace:
Dec 25 08:14:15 prodserver kernel: [345678.855567]  <TASK>
Dec 25 08:14:15 prodserver kernel: [345678.855678]  __schedule+0x2eb/0x980
Dec 25 08:14:15 prodserver kernel: [345678.855789]  schedule+0x5e/0xd0
Dec 25 08:14:15 prodserver kernel: [345678.855890]  io_schedule+0x42/0x70
Dec 25 08:14:15 prodserver kernel: [345678.856001]  </TASK>
Dec 25 08:14:15 prodserver kernel: [345678.856112] ---[ end trace abc123def456789 ]---
Dec 25 08:15:00 prodserver kernel: [345678.900345] audit: type=1326 audit(1703492100.345:789): auid=1000 uid=1000 gid=1000 ses=3 subj==unconfined pid=45678 comm="docker" exe="/usr/bin/dockerd" sig=0 arch=c000003e syscall=202 compat=0 ip=0x7f8a2c8fd574 code=0x7ffc0000
Dec 25 08:16:00 prodserver kernel: [345678.960678] systemd[1]: Starting Docker Application Container Engine...
Dec 25 08:16:15 prodserver kernel: [345678.975901] systemd[1]: Started Docker Application Container Engine.
Dec 25 08:17:30 prodserver kernel: [345679.050234] overlayfs: filesystem on '/var/lib/docker/overlay2/l/ABCD1234/diff' not BCaps compatible with upperdir.
Dec 25 08:18:00 prodserver kernel: [345679.080567] reboot: Restarting system
Dec 25 08:18:00 prodserver kernel: [345679.080678] reboot: machine restart
